<?xml version="1.0" encoding="UTF-8"?>
<Site BuildName="(empty)"
	BuildStamp="20240216-2307-Experimental"
	Name="(empty)"
	Generator="ctest-3.22.1"
	CompilerName=""
	CompilerVersion=""
	OSName="Linux"
	Hostname="jupyter-erpe1805"
	OSRelease="4.15.0-197-generic"
	OSVersion="#208-Ubuntu SMP Tue Nov 1 17:23:37 UTC 2022"
	OSPlatform="x86_64"
	Is64Bits="1"
	VendorString="GenuineIntel"
	VendorID="Intel Corporation"
	FamilyID="6"
	ModelID="85"
	ProcessorCacheSize="16384"
	NumberOfLogicalCPU="32"
	NumberOfPhysicalCPU="32"
	TotalVirtualMemory="0"
	TotalPhysicalMemory="64411"
	LogicalProcessorsPerPhysical="1"
	ProcessorClockFrequency="2900"
	>
	<Testing>
		<StartDateTime>Feb 16 23:07 UTC</StartDateTime>
		<StartTestTime>1708124840</StartTestTime>
		<TestList/>
		<EndDateTime>Feb 16 23:07 UTC</EndDateTime>
		<EndTestTime>1708124840</EndTestTime>
		<ElapsedMinutes>0</ElapsedMinutes>
	</Testing>
</Site>
